0 info it worked if it ends with ok
1 verbose cli [ '/Users/SamCate/.nvm/versions/node/v6.5.0/bin/node',
1 verbose cli   '/Users/SamCate/.nvm/versions/node/v6.5.0/bin/npm',
1 verbose cli   'i',
1 verbose cli   'bcrypt',
1 verbose cli   '--save' ]
2 info using npm@3.10.3
3 info using node@v6.5.0
4 silly loadCurrentTree Starting
5 silly install loadCurrentTree
6 silly install readLocalPackageData
7 silly fetchPackageMetaData bcrypt@^0.8.7
8 silly fetchNamedPackageData bcrypt
9 silly mapToRegistry name bcrypt
10 silly mapToRegistry using default registry
11 silly mapToRegistry registry https://registry.npmjs.org/
12 silly mapToRegistry data Result {
12 silly mapToRegistry   raw: 'bcrypt',
12 silly mapToRegistry   scope: null,
12 silly mapToRegistry   escapedName: 'bcrypt',
12 silly mapToRegistry   name: 'bcrypt',
12 silly mapToRegistry   rawSpec: '',
12 silly mapToRegistry   spec: 'latest',
12 silly mapToRegistry   type: 'tag' }
13 silly mapToRegistry uri https://registry.npmjs.org/bcrypt
14 verbose request uri https://registry.npmjs.org/bcrypt
15 verbose request no auth needed
16 info attempt registry request try #1 at 11:26:11 PM
17 verbose request id 7430893367458ff5
18 verbose etag W/"586833ed-16d17"
19 verbose lastModified Sat, 31 Dec 2016 22:40:45 GMT
20 http request GET https://registry.npmjs.org/bcrypt
21 http 304 https://registry.npmjs.org/bcrypt
22 verbose headers { date: 'Tue, 03 Jan 2017 04:26:12 GMT',
22 verbose headers   via: '1.1 varnish',
22 verbose headers   'cache-control': 'max-age=300',
22 verbose headers   etag: 'W/"586833ed-16d17"',
22 verbose headers   age: '151',
22 verbose headers   connection: 'keep-alive',
22 verbose headers   'x-served-by': 'cache-ord1742-ORD',
22 verbose headers   'x-cache': 'HIT',
22 verbose headers   'x-cache-hits': '2',
22 verbose headers   'x-timer': 'S1483417572.155136,VS0,VE0',
22 verbose headers   vary: 'Accept-Encoding' }
23 silly get cb [ 304,
23 silly get   { date: 'Tue, 03 Jan 2017 04:26:12 GMT',
23 silly get     via: '1.1 varnish',
23 silly get     'cache-control': 'max-age=300',
23 silly get     etag: 'W/"586833ed-16d17"',
23 silly get     age: '151',
23 silly get     connection: 'keep-alive',
23 silly get     'x-served-by': 'cache-ord1742-ORD',
23 silly get     'x-cache': 'HIT',
23 silly get     'x-cache-hits': '2',
23 silly get     'x-timer': 'S1483417572.155136,VS0,VE0',
23 silly get     vary: 'Accept-Encoding' } ]
24 verbose etag https://registry.npmjs.org/bcrypt from cache
25 verbose get saving bcrypt to /Users/SamCate/.npm/registry.npmjs.org/bcrypt/.cache.json
26 verbose correctMkdir /Users/SamCate/.npm correctMkdir not in flight; initializing
27 silly install normalizeTree
28 silly loadCurrentTree Finishing
29 silly loadIdealTree Starting
30 silly install loadIdealTree
31 silly cloneCurrentTree Starting
32 silly install cloneCurrentTreeToIdealTree
33 silly cloneCurrentTree Finishing
34 silly loadShrinkwrap Starting
35 silly install loadShrinkwrap
36 silly loadShrinkwrap Finishing
37 silly loadAllDepsIntoIdealTree Starting
38 silly install loadAllDepsIntoIdealTree
39 silly resolveWithNewModule bcrypt@0.8.7 checking installable status
40 silly cache add args [ 'bcrypt@^0.8.7', null ]
41 verbose cache add spec bcrypt@^0.8.7
42 silly cache add parsed spec Result {
42 silly cache add   raw: 'bcrypt@^0.8.7',
42 silly cache add   scope: null,
42 silly cache add   escapedName: 'bcrypt',
42 silly cache add   name: 'bcrypt',
42 silly cache add   rawSpec: '^0.8.7',
42 silly cache add   spec: '>=0.8.7 <0.9.0',
42 silly cache add   type: 'range' }
43 silly addNamed bcrypt@>=0.8.7 <0.9.0
44 verbose addNamed ">=0.8.7 <0.9.0" is a valid semver range for bcrypt
45 silly addNameRange { name: 'bcrypt', range: '>=0.8.7 <0.9.0', hasData: false }
46 silly mapToRegistry name bcrypt
47 silly mapToRegistry using default registry
48 silly mapToRegistry registry https://registry.npmjs.org/
49 silly mapToRegistry data Result {
49 silly mapToRegistry   raw: 'bcrypt',
49 silly mapToRegistry   scope: null,
49 silly mapToRegistry   escapedName: 'bcrypt',
49 silly mapToRegistry   name: 'bcrypt',
49 silly mapToRegistry   rawSpec: '',
49 silly mapToRegistry   spec: 'latest',
49 silly mapToRegistry   type: 'tag' }
50 silly mapToRegistry uri https://registry.npmjs.org/bcrypt
51 verbose addNameRange registry:https://registry.npmjs.org/bcrypt not in flight; fetching
52 verbose get https://registry.npmjs.org/bcrypt not expired, no request
53 silly addNameRange number 2 { name: 'bcrypt', range: '>=0.8.7 <0.9.0', hasData: true }
54 silly addNameRange versions [ 'bcrypt',
54 silly addNameRange   [ '0.1.2',
54 silly addNameRange     '0.2.0',
54 silly addNameRange     '0.2.1',
54 silly addNameRange     '0.1.3',
54 silly addNameRange     '0.2.2',
54 silly addNameRange     '0.2.3',
54 silly addNameRange     '0.2.4',
54 silly addNameRange     '0.3.0',
54 silly addNameRange     '0.3.1',
54 silly addNameRange     '0.3.2',
54 silly addNameRange     '0.4.0',
54 silly addNameRange     '0.4.1',
54 silly addNameRange     '0.5.0',
54 silly addNameRange     '0.6.0',
54 silly addNameRange     '0.7.0',
54 silly addNameRange     '0.7.1',
54 silly addNameRange     '0.7.2',
54 silly addNameRange     '0.7.3',
54 silly addNameRange     '0.7.4',
54 silly addNameRange     '0.7.5',
54 silly addNameRange     '0.7.6',
54 silly addNameRange     '0.7.7',
54 silly addNameRange     '0.7.8',
54 silly addNameRange     '0.8.0',
54 silly addNameRange     '0.8.1',
54 silly addNameRange     '0.8.2',
54 silly addNameRange     '0.8.3',
54 silly addNameRange     '0.8.4',
54 silly addNameRange     '0.8.5',
54 silly addNameRange     '0.8.6',
54 silly addNameRange     '0.8.7',
54 silly addNameRange     '1.0.0',
54 silly addNameRange     '1.0.1',
54 silly addNameRange     '1.0.2' ] ]
55 silly addNamed bcrypt@0.8.7
56 verbose addNamed "0.8.7" is a plain semver version for bcrypt
57 silly cache afterAdd bcrypt@0.8.7
58 verbose afterAdd /Users/SamCate/.npm/bcrypt/0.8.7/package/package.json not in flight; writing
59 verbose correctMkdir /Users/SamCate/.npm correctMkdir not in flight; initializing
60 verbose afterAdd /Users/SamCate/.npm/bcrypt/0.8.7/package/package.json written
61 silly fetchNamedPackageData bindings
62 silly mapToRegistry name bindings
63 silly mapToRegistry using default registry
64 silly mapToRegistry registry https://registry.npmjs.org/
65 silly mapToRegistry data Result {
65 silly mapToRegistry   raw: 'bindings',
65 silly mapToRegistry   scope: null,
65 silly mapToRegistry   escapedName: 'bindings',
65 silly mapToRegistry   name: 'bindings',
65 silly mapToRegistry   rawSpec: '',
65 silly mapToRegistry   spec: 'latest',
65 silly mapToRegistry   type: 'tag' }
66 silly mapToRegistry uri https://registry.npmjs.org/bindings
67 silly fetchNamedPackageData nan
68 silly mapToRegistry name nan
69 silly mapToRegistry using default registry
70 silly mapToRegistry registry https://registry.npmjs.org/
71 silly mapToRegistry data Result {
71 silly mapToRegistry   raw: 'nan',
71 silly mapToRegistry   scope: null,
71 silly mapToRegistry   escapedName: 'nan',
71 silly mapToRegistry   name: 'nan',
71 silly mapToRegistry   rawSpec: '',
71 silly mapToRegistry   spec: 'latest',
71 silly mapToRegistry   type: 'tag' }
72 silly mapToRegistry uri https://registry.npmjs.org/nan
73 verbose request uri https://registry.npmjs.org/bindings
74 verbose request no auth needed
75 info attempt registry request try #1 at 11:26:12 PM
76 verbose etag W/"580645d3-46f7"
77 verbose lastModified Tue, 18 Oct 2016 15:54:59 GMT
78 http request GET https://registry.npmjs.org/bindings
79 verbose request uri https://registry.npmjs.org/nan
80 verbose request no auth needed
81 info attempt registry request try #1 at 11:26:12 PM
82 verbose etag W/"585acecf-1d7db"
83 verbose lastModified Wed, 21 Dec 2016 18:49:51 GMT
84 http request GET https://registry.npmjs.org/nan
85 http 304 https://registry.npmjs.org/bindings
86 verbose headers { date: 'Tue, 03 Jan 2017 04:26:12 GMT',
86 verbose headers   via: '1.1 varnish',
86 verbose headers   'cache-control': 'max-age=300',
86 verbose headers   etag: 'W/"580645d3-46f7"',
86 verbose headers   age: '212',
86 verbose headers   connection: 'keep-alive',
86 verbose headers   'x-served-by': 'cache-ord1742-ORD',
86 verbose headers   'x-cache': 'HIT',
86 verbose headers   'x-cache-hits': '3',
86 verbose headers   'x-timer': 'S1483417572.373672,VS0,VE0',
86 verbose headers   vary: 'Accept-Encoding' }
87 silly get cb [ 304,
87 silly get   { date: 'Tue, 03 Jan 2017 04:26:12 GMT',
87 silly get     via: '1.1 varnish',
87 silly get     'cache-control': 'max-age=300',
87 silly get     etag: 'W/"580645d3-46f7"',
87 silly get     age: '212',
87 silly get     connection: 'keep-alive',
87 silly get     'x-served-by': 'cache-ord1742-ORD',
87 silly get     'x-cache': 'HIT',
87 silly get     'x-cache-hits': '3',
87 silly get     'x-timer': 'S1483417572.373672,VS0,VE0',
87 silly get     vary: 'Accept-Encoding' } ]
88 verbose etag https://registry.npmjs.org/bindings from cache
89 verbose get saving bindings to /Users/SamCate/.npm/registry.npmjs.org/bindings/.cache.json
90 verbose correctMkdir /Users/SamCate/.npm correctMkdir not in flight; initializing
91 silly resolveWithNewModule bindings@1.2.1 checking installable status
92 silly cache add args [ 'bindings@1.2.1', null ]
93 verbose cache add spec bindings@1.2.1
94 silly cache add parsed spec Result {
94 silly cache add   raw: 'bindings@1.2.1',
94 silly cache add   scope: null,
94 silly cache add   escapedName: 'bindings',
94 silly cache add   name: 'bindings',
94 silly cache add   rawSpec: '1.2.1',
94 silly cache add   spec: '1.2.1',
94 silly cache add   type: 'version' }
95 silly addNamed bindings@1.2.1
96 verbose addNamed "1.2.1" is a plain semver version for bindings
97 silly mapToRegistry name bindings
98 silly mapToRegistry using default registry
99 silly mapToRegistry registry https://registry.npmjs.org/
100 silly mapToRegistry data Result {
100 silly mapToRegistry   raw: 'bindings',
100 silly mapToRegistry   scope: null,
100 silly mapToRegistry   escapedName: 'bindings',
100 silly mapToRegistry   name: 'bindings',
100 silly mapToRegistry   rawSpec: '',
100 silly mapToRegistry   spec: 'latest',
100 silly mapToRegistry   type: 'tag' }
101 silly mapToRegistry uri https://registry.npmjs.org/bindings
102 verbose addNameVersion registry:https://registry.npmjs.org/bindings not in flight; fetching
103 verbose get https://registry.npmjs.org/bindings not expired, no request
104 silly cache afterAdd bindings@1.2.1
105 verbose afterAdd /Users/SamCate/.npm/bindings/1.2.1/package/package.json not in flight; writing
106 verbose correctMkdir /Users/SamCate/.npm correctMkdir not in flight; initializing
107 verbose afterAdd /Users/SamCate/.npm/bindings/1.2.1/package/package.json written
108 http 304 https://registry.npmjs.org/nan
109 verbose headers { date: 'Tue, 03 Jan 2017 04:26:12 GMT',
109 verbose headers   via: '1.1 varnish',
109 verbose headers   'cache-control': 'max-age=300',
109 verbose headers   etag: 'W/"585acecf-1d7db"',
109 verbose headers   age: '179',
109 verbose headers   connection: 'keep-alive',
109 verbose headers   'x-served-by': 'cache-ord1729-ORD',
109 verbose headers   'x-cache': 'HIT',
109 verbose headers   'x-cache-hits': '2',
109 verbose headers   'x-timer': 'S1483417572.460639,VS0,VE0',
109 verbose headers   vary: 'Accept-Encoding' }
110 silly get cb [ 304,
110 silly get   { date: 'Tue, 03 Jan 2017 04:26:12 GMT',
110 silly get     via: '1.1 varnish',
110 silly get     'cache-control': 'max-age=300',
110 silly get     etag: 'W/"585acecf-1d7db"',
110 silly get     age: '179',
110 silly get     connection: 'keep-alive',
110 silly get     'x-served-by': 'cache-ord1729-ORD',
110 silly get     'x-cache': 'HIT',
110 silly get     'x-cache-hits': '2',
110 silly get     'x-timer': 'S1483417572.460639,VS0,VE0',
110 silly get     vary: 'Accept-Encoding' } ]
111 verbose etag https://registry.npmjs.org/nan from cache
112 verbose get saving nan to /Users/SamCate/.npm/registry.npmjs.org/nan/.cache.json
113 verbose correctMkdir /Users/SamCate/.npm correctMkdir not in flight; initializing
114 silly resolveWithNewModule nan@2.3.5 checking installable status
115 silly cache add args [ 'nan@2.3.5', null ]
116 verbose cache add spec nan@2.3.5
117 silly cache add parsed spec Result {
117 silly cache add   raw: 'nan@2.3.5',
117 silly cache add   scope: null,
117 silly cache add   escapedName: 'nan',
117 silly cache add   name: 'nan',
117 silly cache add   rawSpec: '2.3.5',
117 silly cache add   spec: '2.3.5',
117 silly cache add   type: 'version' }
118 silly addNamed nan@2.3.5
119 verbose addNamed "2.3.5" is a plain semver version for nan
120 silly mapToRegistry name nan
121 silly mapToRegistry using default registry
122 silly mapToRegistry registry https://registry.npmjs.org/
123 silly mapToRegistry data Result {
123 silly mapToRegistry   raw: 'nan',
123 silly mapToRegistry   scope: null,
123 silly mapToRegistry   escapedName: 'nan',
123 silly mapToRegistry   name: 'nan',
123 silly mapToRegistry   rawSpec: '',
123 silly mapToRegistry   spec: 'latest',
123 silly mapToRegistry   type: 'tag' }
124 silly mapToRegistry uri https://registry.npmjs.org/nan
125 verbose addNameVersion registry:https://registry.npmjs.org/nan not in flight; fetching
126 verbose get https://registry.npmjs.org/nan not expired, no request
127 silly cache afterAdd nan@2.3.5
128 verbose afterAdd /Users/SamCate/.npm/nan/2.3.5/package/package.json not in flight; writing
129 verbose correctMkdir /Users/SamCate/.npm correctMkdir not in flight; initializing
130 verbose afterAdd /Users/SamCate/.npm/nan/2.3.5/package/package.json written
131 silly loadAllDepsIntoIdealTree Finishing
132 silly loadIdealTree Finishing
133 silly currentTree personal_site@0.0.0
133 silly currentTree ├── accepts@1.3.3
133 silly currentTree ├── acorn-globals@1.0.9
133 silly currentTree ├── acorn@2.7.0
133 silly currentTree ├── align-text@0.1.4
133 silly currentTree ├── amdefine@1.0.1
133 silly currentTree ├── ansi-regex@2.0.0
133 silly currentTree ├── ansi-styles@2.2.1
133 silly currentTree ├── ap@0.2.0
133 silly currentTree ├── arr-diff@2.0.0
133 silly currentTree ├── arr-flatten@1.0.1
133 silly currentTree ├── array-flatten@1.1.1
133 silly currentTree ├── array-unique@0.2.1
133 silly currentTree ├── asap@1.0.0
133 silly currentTree ├── async@0.2.10
133 silly currentTree ├── base64url@2.0.0
133 silly currentTree ├── basic-auth@1.0.4
133 silly currentTree ├── batch@0.5.0
133 silly currentTree ├── bluebird@3.4.7
133 silly currentTree ├── body-parser@1.13.3
133 silly currentTree ├── braces@1.8.5
133 silly currentTree ├── buffer-crc32@0.2.1
133 silly currentTree ├── buffer-equal-constant-time@1.0.1
133 silly currentTree ├── buffer-writer@1.0.1
133 silly currentTree ├── bytes@2.1.0
133 silly currentTree ├── camelcase@1.2.1
133 silly currentTree ├── center-align@0.1.3
133 silly currentTree ├── chalk@1.1.3
133 silly currentTree ├── character-parser@1.2.1
133 silly currentTree ├─┬ clean-css@3.4.23
133 silly currentTree │ └── commander@2.8.1
133 silly currentTree ├─┬ cliui@2.1.0
133 silly currentTree │ └── wordwrap@0.0.2
133 silly currentTree ├── commander@2.6.0
133 silly currentTree ├─┬ connect@2.12.0
133 silly currentTree │ ├── bytes@0.2.1
133 silly currentTree │ ├── cookie-signature@1.0.1
133 silly currentTree │ ├── cookie@0.1.0
133 silly currentTree │ ├── debug@0.8.1
133 silly currentTree │ ├── fresh@0.2.0
133 silly currentTree │ ├── methods@0.1.0
133 silly currentTree │ ├── mime@1.2.11
133 silly currentTree │ ├── negotiator@0.3.0
133 silly currentTree │ ├── qs@0.6.6
133 silly currentTree │ ├── range-parser@0.0.4
133 silly currentTree │ ├── raw-body@1.1.2
133 silly currentTree │ └── send@0.1.4
133 silly currentTree ├── constantinople@3.0.2
133 silly currentTree ├── content-disposition@0.5.1
133 silly currentTree ├── content-type@1.0.2
133 silly currentTree ├── cookie-parser@1.3.5
133 silly currentTree ├── cookie-signature@1.0.6
133 silly currentTree ├── cookie@0.1.3
133 silly currentTree ├── core-util-is@1.0.2
133 silly currentTree ├── css-parse@1.0.4
133 silly currentTree ├── css-stringify@1.0.5
133 silly currentTree ├── css@1.0.8
133 silly currentTree ├── debug@2.2.0
133 silly currentTree ├── decamelize@1.2.0
133 silly currentTree ├── depd@1.0.1
133 silly currentTree ├── destroy@1.0.4
133 silly currentTree ├── detect-file@0.1.0
133 silly currentTree ├── dotenv@2.0.0
133 silly currentTree ├── double-ended-queue@2.1.0-0
133 silly currentTree ├── ecdsa-sig-formatter@1.0.9
133 silly currentTree ├── ee-first@1.1.1
133 silly currentTree ├── ejs@2.4.1
133 silly currentTree ├── encodeurl@1.0.1
133 silly currentTree ├── escape-html@1.0.3
133 silly currentTree ├── escape-string-regexp@1.0.5
133 silly currentTree ├── etag@1.7.0
133 silly currentTree ├── expand-brackets@0.1.5
133 silly currentTree ├── expand-range@1.8.2
133 silly currentTree ├── expand-tilde@1.2.2
133 silly currentTree ├── express-bearer-token@2.1.0
133 silly currentTree ├─┬ express-jwt@3.4.0
133 silly currentTree │ ├── async@1.5.2
133 silly currentTree │ └── jsonwebtoken@5.7.0
133 silly currentTree ├── express-unless@0.3.0
133 silly currentTree ├─┬ express@4.14.0
133 silly currentTree │ ├── cookie@0.3.1
133 silly currentTree │ ├── depd@1.1.0
133 silly currentTree │ └── qs@6.2.0
133 silly currentTree ├── extend@3.0.0
133 silly currentTree ├── extglob@0.3.2
133 silly currentTree ├── filename-regex@2.0.0
133 silly currentTree ├── fill-range@2.2.3
133 silly currentTree ├── finalhandler@0.5.0
133 silly currentTree ├── findup-sync@0.4.3
133 silly currentTree ├── flagged-respawn@0.3.2
133 silly currentTree ├── for-in@0.1.6
133 silly currentTree ├── for-own@0.1.4
133 silly currentTree ├── forwarded@0.1.0
133 silly currentTree ├── fresh@0.3.0
133 silly currentTree ├── fs-exists-sync@0.1.0
133 silly currentTree ├── generic-pool@2.4.2
133 silly currentTree ├── glob-base@0.3.0
133 silly currentTree ├── glob-parent@2.0.0
133 silly currentTree ├── global-modules@0.2.3
133 silly currentTree ├── global-prefix@0.1.5
133 silly currentTree ├── graceful-readlink@1.0.1
133 silly currentTree ├── has-ansi@2.0.0
133 silly currentTree ├── hashmap@2.0.6
133 silly currentTree ├── hoek@2.16.3
133 silly currentTree ├── homedir-polyfill@1.0.1
133 silly currentTree ├── http-errors@1.3.1
133 silly currentTree ├── iconv-lite@0.4.11
133 silly currentTree ├── inherits@2.0.3
133 silly currentTree ├── ini@1.3.4
133 silly currentTree ├── interpret@0.6.6
133 silly currentTree ├── ipaddr.js@1.1.1
133 silly currentTree ├── is-buffer@1.1.4
133 silly currentTree ├── is-dotfile@1.0.2
133 silly currentTree ├── is-equal-shallow@0.1.3
133 silly currentTree ├── is-extendable@0.1.1
133 silly currentTree ├── is-extglob@1.0.0
133 silly currentTree ├── is-glob@2.0.1
133 silly currentTree ├── is-number@2.1.0
133 silly currentTree ├── is-posix-bracket@0.1.1
133 silly currentTree ├── is-primitive@2.0.0
133 silly currentTree ├── is-promise@2.1.0
133 silly currentTree ├── is-windows@0.2.0
133 silly currentTree ├── isarray@1.0.0
133 silly currentTree ├── isemail@1.2.0
133 silly currentTree ├── isexe@1.1.2
133 silly currentTree ├── isobject@2.1.0
133 silly currentTree ├── jade@1.11.0
133 silly currentTree ├── joi@6.10.1
133 silly currentTree ├── jsonwebtoken@7.2.1
133 silly currentTree ├── jstransformer@0.0.2
133 silly currentTree ├── jwa@1.1.5
133 silly currentTree ├── jws@3.1.4
133 silly currentTree ├── keypress@0.1.0
133 silly currentTree ├── kind-of@3.1.0
133 silly currentTree ├─┬ knex@0.11.10
133 silly currentTree │ └── minimist@1.1.3
133 silly currentTree ├── lazy-cache@1.0.4
133 silly currentTree ├── liftoff@2.2.5
133 silly currentTree ├── lodash.once@4.1.1
133 silly currentTree ├── lodash.set@4.3.2
133 silly currentTree ├── lodash@4.17.4
133 silly currentTree ├── longest@1.0.1
133 silly currentTree ├── media-typer@0.3.0
133 silly currentTree ├── merge-descriptors@1.0.1
133 silly currentTree ├── methods@1.1.2
133 silly currentTree ├── micromatch@2.3.11
133 silly currentTree ├── mime-db@1.25.0
133 silly currentTree ├── mime-types@2.1.13
133 silly currentTree ├── mime@1.3.4
133 silly currentTree ├── minimist@0.0.8
133 silly currentTree ├── mkdirp@0.5.1
133 silly currentTree ├── moment@2.17.1
133 silly currentTree ├── morgan@1.6.1
133 silly currentTree ├── ms@0.7.1
133 silly currentTree ├── multiparty@2.2.0
133 silly currentTree ├── negotiator@0.6.1
133 silly currentTree ├── node-uuid@1.4.7
133 silly currentTree ├─┬ node.js@0.0.0
133 silly currentTree │ ├── commander@1.3.2
133 silly currentTree │ ├── cookie-signature@1.0.1
133 silly currentTree │ ├── cookie@0.1.0
133 silly currentTree │ ├── debug@0.8.1
133 silly currentTree │ ├── express@3.4.8
133 silly currentTree │ ├── fresh@0.2.0
133 silly currentTree │ ├── merge-descriptors@0.0.1
133 silly currentTree │ ├── methods@0.1.0
133 silly currentTree │ ├── mime@1.2.11
133 silly currentTree │ ├── mkdirp@0.3.5
133 silly currentTree │ ├── range-parser@0.0.4
133 silly currentTree │ └── send@0.1.4
133 silly currentTree ├── normalize-path@2.0.1
133 silly currentTree ├── object-assign@4.1.0
133 silly currentTree ├── object.omit@2.0.1
133 silly currentTree ├── on-finished@2.3.0
133 silly currentTree ├── on-headers@1.0.1
133 silly currentTree ├── optimist@0.3.7
133 silly currentTree ├── os-homedir@1.0.2
133 silly currentTree ├── packet-reader@0.2.0
133 silly currentTree ├── parse-glob@3.0.4
133 silly currentTree ├── parse-passwd@1.0.0
133 silly currentTree ├── parseurl@1.3.1
133 silly currentTree ├── path-to-regexp@0.1.7
133 silly currentTree ├── pause@0.0.1
133 silly currentTree ├── pg-connection-string@0.1.3
133 silly currentTree ├── pg-pool@1.6.0
133 silly currentTree ├── pg-types@1.11.0
133 silly currentTree ├── pg@6.1.2
133 silly currentTree ├── pgpass@1.0.1
133 silly currentTree ├── pool2@1.4.1
133 silly currentTree ├── postgres-array@1.0.2
133 silly currentTree ├── postgres-bytea@1.0.0
133 silly currentTree ├── postgres-date@1.0.3
133 silly currentTree ├── postgres-interval@1.0.2
133 silly currentTree ├── preserve@0.2.0
133 silly currentTree ├── promise@6.1.0
133 silly currentTree ├── proxy-addr@1.1.2
133 silly currentTree ├── qs@4.0.0
133 silly currentTree ├── randomatic@1.1.6
133 silly currentTree ├── range-parser@1.2.0
133 silly currentTree ├─┬ raw-body@2.1.7
133 silly currentTree │ ├── bytes@2.4.0
133 silly currentTree │ └── iconv-lite@0.4.13
133 silly currentTree ├─┬ readable-stream@1.1.14
133 silly currentTree │ └── isarray@0.0.1
133 silly currentTree ├── rechoir@0.6.2
133 silly currentTree ├── regex-cache@0.4.3
133 silly currentTree ├── repeat-element@1.1.2
133 silly currentTree ├── repeat-string@1.6.1
133 silly currentTree ├── resolve-dir@0.1.1
133 silly currentTree ├── resolve@1.2.0
133 silly currentTree ├── right-align@0.1.3
133 silly currentTree ├── safe-buffer@5.0.1
133 silly currentTree ├── semver@4.3.2
133 silly currentTree ├─┬ send@0.14.1
133 silly currentTree │ ├── depd@1.1.0
133 silly currentTree │ └── http-errors@1.5.1
133 silly currentTree ├─┬ serve-favicon@2.3.2
133 silly currentTree │ └── ms@0.7.2
133 silly currentTree ├── serve-static@1.11.1
133 silly currentTree ├── setprototypeof@1.0.2
133 silly currentTree ├── simple-backoff@1.0.0
133 silly currentTree ├── source-map@0.4.4
133 silly currentTree ├── split@1.0.0
133 silly currentTree ├── statuses@1.3.1
133 silly currentTree ├── stream-counter@0.2.0
133 silly currentTree ├── string_decoder@0.10.31
133 silly currentTree ├── strip-ansi@3.0.1
133 silly currentTree ├── supports-color@2.0.0
133 silly currentTree ├── through@2.3.8
133 silly currentTree ├── tildify@1.0.0
133 silly currentTree ├── topo@1.1.0
133 silly currentTree ├─┬ transformers@2.1.0
133 silly currentTree │ ├── is-promise@1.0.1
133 silly currentTree │ ├── promise@2.0.0
133 silly currentTree │ ├── source-map@0.1.43
133 silly currentTree │ └── uglify-js@2.2.5
133 silly currentTree ├── type-is@1.6.14
133 silly currentTree ├─┬ uglify-js@2.7.5
133 silly currentTree │ └── source-map@0.5.6
133 silly currentTree ├── uglify-to-browserify@1.0.2
133 silly currentTree ├── uid2@0.0.3
133 silly currentTree ├── unpipe@1.0.0
133 silly currentTree ├── user-home@1.1.1
133 silly currentTree ├── utils-merge@1.0.0
133 silly currentTree ├── v8flags@2.0.11
133 silly currentTree ├── vary@1.1.0
133 silly currentTree ├── void-elements@2.0.1
133 silly currentTree ├── which@1.2.12
133 silly currentTree ├── window-size@0.1.0
133 silly currentTree ├─┬ with@4.0.3
133 silly currentTree │ └── acorn@1.2.2
133 silly currentTree ├── wordwrap@0.0.3
133 silly currentTree ├── xtend@4.0.1
133 silly currentTree └── yargs@3.10.0
134 silly idealTree personal_site@0.0.0
134 silly idealTree ├── accepts@1.3.3
134 silly idealTree ├── acorn-globals@1.0.9
134 silly idealTree ├── acorn@2.7.0
134 silly idealTree ├── align-text@0.1.4
134 silly idealTree ├── amdefine@1.0.1
134 silly idealTree ├── ansi-regex@2.0.0
134 silly idealTree ├── ansi-styles@2.2.1
134 silly idealTree ├── ap@0.2.0
134 silly idealTree ├── arr-diff@2.0.0
134 silly idealTree ├── arr-flatten@1.0.1
134 silly idealTree ├── array-flatten@1.1.1
134 silly idealTree ├── array-unique@0.2.1
134 silly idealTree ├── asap@1.0.0
134 silly idealTree ├── async@0.2.10
134 silly idealTree ├── base64url@2.0.0
134 silly idealTree ├── basic-auth@1.0.4
134 silly idealTree ├── batch@0.5.0
134 silly idealTree ├── bcrypt@0.8.7
134 silly idealTree ├── bindings@1.2.1
134 silly idealTree ├── bluebird@3.4.7
134 silly idealTree ├── body-parser@1.13.3
134 silly idealTree ├── braces@1.8.5
134 silly idealTree ├── buffer-crc32@0.2.1
134 silly idealTree ├── buffer-equal-constant-time@1.0.1
134 silly idealTree ├── buffer-writer@1.0.1
134 silly idealTree ├── bytes@2.1.0
134 silly idealTree ├── camelcase@1.2.1
134 silly idealTree ├── center-align@0.1.3
134 silly idealTree ├── chalk@1.1.3
134 silly idealTree ├── character-parser@1.2.1
134 silly idealTree ├─┬ clean-css@3.4.23
134 silly idealTree │ └── commander@2.8.1
134 silly idealTree ├─┬ cliui@2.1.0
134 silly idealTree │ └── wordwrap@0.0.2
134 silly idealTree ├── commander@2.6.0
134 silly idealTree ├─┬ connect@2.12.0
134 silly idealTree │ ├── bytes@0.2.1
134 silly idealTree │ ├── cookie-signature@1.0.1
134 silly idealTree │ ├── cookie@0.1.0
134 silly idealTree │ ├── debug@0.8.1
134 silly idealTree │ ├── fresh@0.2.0
134 silly idealTree │ ├── methods@0.1.0
134 silly idealTree │ ├── mime@1.2.11
134 silly idealTree │ ├── negotiator@0.3.0
134 silly idealTree │ ├── qs@0.6.6
134 silly idealTree │ ├── range-parser@0.0.4
134 silly idealTree │ ├── raw-body@1.1.2
134 silly idealTree │ └── send@0.1.4
134 silly idealTree ├── constantinople@3.0.2
134 silly idealTree ├── content-disposition@0.5.1
134 silly idealTree ├── content-type@1.0.2
134 silly idealTree ├── cookie-parser@1.3.5
134 silly idealTree ├── cookie-signature@1.0.6
134 silly idealTree ├── cookie@0.1.3
134 silly idealTree ├── core-util-is@1.0.2
134 silly idealTree ├── css-parse@1.0.4
134 silly idealTree ├── css-stringify@1.0.5
134 silly idealTree ├── css@1.0.8
134 silly idealTree ├── debug@2.2.0
134 silly idealTree ├── decamelize@1.2.0
134 silly idealTree ├── depd@1.0.1
134 silly idealTree ├── destroy@1.0.4
134 silly idealTree ├── detect-file@0.1.0
134 silly idealTree ├── dotenv@2.0.0
134 silly idealTree ├── double-ended-queue@2.1.0-0
134 silly idealTree ├── ecdsa-sig-formatter@1.0.9
134 silly idealTree ├── ee-first@1.1.1
134 silly idealTree ├── ejs@2.4.1
134 silly idealTree ├── encodeurl@1.0.1
134 silly idealTree ├── escape-html@1.0.3
134 silly idealTree ├── escape-string-regexp@1.0.5
134 silly idealTree ├── etag@1.7.0
134 silly idealTree ├── expand-brackets@0.1.5
134 silly idealTree ├── expand-range@1.8.2
134 silly idealTree ├── expand-tilde@1.2.2
134 silly idealTree ├── express-bearer-token@2.1.0
134 silly idealTree ├─┬ express-jwt@3.4.0
134 silly idealTree │ ├── async@1.5.2
134 silly idealTree │ └── jsonwebtoken@5.7.0
134 silly idealTree ├── express-unless@0.3.0
134 silly idealTree ├─┬ express@4.14.0
134 silly idealTree │ ├── cookie@0.3.1
134 silly idealTree │ ├── depd@1.1.0
134 silly idealTree │ └── qs@6.2.0
134 silly idealTree ├── extend@3.0.0
134 silly idealTree ├── extglob@0.3.2
134 silly idealTree ├── filename-regex@2.0.0
134 silly idealTree ├── fill-range@2.2.3
134 silly idealTree ├── finalhandler@0.5.0
134 silly idealTree ├── findup-sync@0.4.3
134 silly idealTree ├── flagged-respawn@0.3.2
134 silly idealTree ├── for-in@0.1.6
134 silly idealTree ├── for-own@0.1.4
134 silly idealTree ├── forwarded@0.1.0
134 silly idealTree ├── fresh@0.3.0
134 silly idealTree ├── fs-exists-sync@0.1.0
134 silly idealTree ├── generic-pool@2.4.2
134 silly idealTree ├── glob-base@0.3.0
134 silly idealTree ├── glob-parent@2.0.0
134 silly idealTree ├── global-modules@0.2.3
134 silly idealTree ├── global-prefix@0.1.5
134 silly idealTree ├── graceful-readlink@1.0.1
134 silly idealTree ├── has-ansi@2.0.0
134 silly idealTree ├── hashmap@2.0.6
134 silly idealTree ├── hoek@2.16.3
134 silly idealTree ├── homedir-polyfill@1.0.1
134 silly idealTree ├── http-errors@1.3.1
134 silly idealTree ├── iconv-lite@0.4.11
134 silly idealTree ├── inherits@2.0.3
134 silly idealTree ├── ini@1.3.4
134 silly idealTree ├── interpret@0.6.6
134 silly idealTree ├── ipaddr.js@1.1.1
134 silly idealTree ├── is-buffer@1.1.4
134 silly idealTree ├── is-dotfile@1.0.2
134 silly idealTree ├── is-equal-shallow@0.1.3
134 silly idealTree ├── is-extendable@0.1.1
134 silly idealTree ├── is-extglob@1.0.0
134 silly idealTree ├── is-glob@2.0.1
134 silly idealTree ├── is-number@2.1.0
134 silly idealTree ├── is-posix-bracket@0.1.1
134 silly idealTree ├── is-primitive@2.0.0
134 silly idealTree ├── is-promise@2.1.0
134 silly idealTree ├── is-windows@0.2.0
134 silly idealTree ├── isarray@1.0.0
134 silly idealTree ├── isemail@1.2.0
134 silly idealTree ├── isexe@1.1.2
134 silly idealTree ├── isobject@2.1.0
134 silly idealTree ├── jade@1.11.0
134 silly idealTree ├── joi@6.10.1
134 silly idealTree ├── jsonwebtoken@7.2.1
134 silly idealTree ├── jstransformer@0.0.2
134 silly idealTree ├── jwa@1.1.5
134 silly idealTree ├── jws@3.1.4
134 silly idealTree ├── keypress@0.1.0
134 silly idealTree ├── kind-of@3.1.0
134 silly idealTree ├─┬ knex@0.11.10
134 silly idealTree │ └── minimist@1.1.3
134 silly idealTree ├── lazy-cache@1.0.4
134 silly idealTree ├── liftoff@2.2.5
134 silly idealTree ├── lodash.once@4.1.1
134 silly idealTree ├── lodash.set@4.3.2
134 silly idealTree ├── lodash@4.17.4
134 silly idealTree ├── longest@1.0.1
134 silly idealTree ├── media-typer@0.3.0
134 silly idealTree ├── merge-descriptors@1.0.1
134 silly idealTree ├── methods@1.1.2
134 silly idealTree ├── micromatch@2.3.11
134 silly idealTree ├── mime-db@1.25.0
134 silly idealTree ├── mime-types@2.1.13
134 silly idealTree ├── mime@1.3.4
134 silly idealTree ├── minimist@0.0.8
134 silly idealTree ├── mkdirp@0.5.1
134 silly idealTree ├── moment@2.17.1
134 silly idealTree ├── morgan@1.6.1
134 silly idealTree ├── ms@0.7.1
134 silly idealTree ├── multiparty@2.2.0
134 silly idealTree ├── nan@2.3.5
134 silly idealTree ├── negotiator@0.6.1
134 silly idealTree ├── node-uuid@1.4.7
134 silly idealTree ├─┬ node.js@0.0.0
134 silly idealTree │ ├── commander@1.3.2
134 silly idealTree │ ├── cookie-signature@1.0.1
134 silly idealTree │ ├── cookie@0.1.0
134 silly idealTree │ ├── debug@0.8.1
134 silly idealTree │ ├── express@3.4.8
134 silly idealTree │ ├── fresh@0.2.0
134 silly idealTree │ ├── merge-descriptors@0.0.1
134 silly idealTree │ ├── methods@0.1.0
134 silly idealTree │ ├── mime@1.2.11
134 silly idealTree │ ├── mkdirp@0.3.5
134 silly idealTree │ ├── range-parser@0.0.4
134 silly idealTree │ └── send@0.1.4
134 silly idealTree ├── normalize-path@2.0.1
134 silly idealTree ├── object-assign@4.1.0
134 silly idealTree ├── object.omit@2.0.1
134 silly idealTree ├── on-finished@2.3.0
134 silly idealTree ├── on-headers@1.0.1
134 silly idealTree ├── optimist@0.3.7
134 silly idealTree ├── os-homedir@1.0.2
134 silly idealTree ├── packet-reader@0.2.0
134 silly idealTree ├── parse-glob@3.0.4
134 silly idealTree ├── parse-passwd@1.0.0
134 silly idealTree ├── parseurl@1.3.1
134 silly idealTree ├── path-to-regexp@0.1.7
134 silly idealTree ├── pause@0.0.1
134 silly idealTree ├── pg-connection-string@0.1.3
134 silly idealTree ├── pg-pool@1.6.0
134 silly idealTree ├── pg-types@1.11.0
134 silly idealTree ├── pg@6.1.2
134 silly idealTree ├── pgpass@1.0.1
134 silly idealTree ├── pool2@1.4.1
134 silly idealTree ├── postgres-array@1.0.2
134 silly idealTree ├── postgres-bytea@1.0.0
134 silly idealTree ├── postgres-date@1.0.3
134 silly idealTree ├── postgres-interval@1.0.2
134 silly idealTree ├── preserve@0.2.0
134 silly idealTree ├── promise@6.1.0
134 silly idealTree ├── proxy-addr@1.1.2
134 silly idealTree ├── qs@4.0.0
134 silly idealTree ├── randomatic@1.1.6
134 silly idealTree ├── range-parser@1.2.0
134 silly idealTree ├─┬ raw-body@2.1.7
134 silly idealTree │ ├── bytes@2.4.0
134 silly idealTree │ └── iconv-lite@0.4.13
134 silly idealTree ├─┬ readable-stream@1.1.14
134 silly idealTree │ └── isarray@0.0.1
134 silly idealTree ├── rechoir@0.6.2
134 silly idealTree ├── regex-cache@0.4.3
134 silly idealTree ├── repeat-element@1.1.2
134 silly idealTree ├── repeat-string@1.6.1
134 silly idealTree ├── resolve-dir@0.1.1
134 silly idealTree ├── resolve@1.2.0
134 silly idealTree ├── right-align@0.1.3
134 silly idealTree ├── safe-buffer@5.0.1
134 silly idealTree ├── semver@4.3.2
134 silly idealTree ├─┬ send@0.14.1
134 silly idealTree │ ├── depd@1.1.0
134 silly idealTree │ └── http-errors@1.5.1
134 silly idealTree ├─┬ serve-favicon@2.3.2
134 silly idealTree │ └── ms@0.7.2
134 silly idealTree ├── serve-static@1.11.1
134 silly idealTree ├── setprototypeof@1.0.2
134 silly idealTree ├── simple-backoff@1.0.0
134 silly idealTree ├── source-map@0.4.4
134 silly idealTree ├── split@1.0.0
134 silly idealTree ├── statuses@1.3.1
134 silly idealTree ├── stream-counter@0.2.0
134 silly idealTree ├── string_decoder@0.10.31
134 silly idealTree ├── strip-ansi@3.0.1
134 silly idealTree ├── supports-color@2.0.0
134 silly idealTree ├── through@2.3.8
134 silly idealTree ├── tildify@1.0.0
134 silly idealTree ├── topo@1.1.0
134 silly idealTree ├─┬ transformers@2.1.0
134 silly idealTree │ ├── is-promise@1.0.1
134 silly idealTree │ ├── promise@2.0.0
134 silly idealTree │ ├── source-map@0.1.43
134 silly idealTree │ └── uglify-js@2.2.5
134 silly idealTree ├── type-is@1.6.14
134 silly idealTree ├─┬ uglify-js@2.7.5
134 silly idealTree │ └── source-map@0.5.6
134 silly idealTree ├── uglify-to-browserify@1.0.2
134 silly idealTree ├── uid2@0.0.3
134 silly idealTree ├── unpipe@1.0.0
134 silly idealTree ├── user-home@1.1.1
134 silly idealTree ├── utils-merge@1.0.0
134 silly idealTree ├── v8flags@2.0.11
134 silly idealTree ├── vary@1.1.0
134 silly idealTree ├── void-elements@2.0.1
134 silly idealTree ├── which@1.2.12
134 silly idealTree ├── window-size@0.1.0
134 silly idealTree ├─┬ with@4.0.3
134 silly idealTree │ └── acorn@1.2.2
134 silly idealTree ├── wordwrap@0.0.3
134 silly idealTree ├── xtend@4.0.1
134 silly idealTree └── yargs@3.10.0
135 silly generateActionsToTake Starting
136 silly install generateActionsToTake
137 silly generateActionsToTake Finishing
138 silly diffTrees action count 3
139 silly diffTrees add bindings@1.2.1
140 silly diffTrees add nan@2.3.5
141 silly diffTrees add bcrypt@0.8.7
142 silly decomposeActions action count 24
143 silly decomposeActions fetch bindings@1.2.1
144 silly decomposeActions extract bindings@1.2.1
145 silly decomposeActions test bindings@1.2.1
146 silly decomposeActions preinstall bindings@1.2.1
147 silly decomposeActions build bindings@1.2.1
148 silly decomposeActions install bindings@1.2.1
149 silly decomposeActions postinstall bindings@1.2.1
150 silly decomposeActions finalize bindings@1.2.1
151 silly decomposeActions fetch nan@2.3.5
152 silly decomposeActions extract nan@2.3.5
153 silly decomposeActions test nan@2.3.5
154 silly decomposeActions preinstall nan@2.3.5
155 silly decomposeActions build nan@2.3.5
156 silly decomposeActions install nan@2.3.5
157 silly decomposeActions postinstall nan@2.3.5
158 silly decomposeActions finalize nan@2.3.5
159 silly decomposeActions fetch bcrypt@0.8.7
160 silly decomposeActions extract bcrypt@0.8.7
161 silly decomposeActions test bcrypt@0.8.7
162 silly decomposeActions preinstall bcrypt@0.8.7
163 silly decomposeActions build bcrypt@0.8.7
164 silly decomposeActions install bcrypt@0.8.7
165 silly decomposeActions postinstall bcrypt@0.8.7
166 silly decomposeActions finalize bcrypt@0.8.7
167 silly executeActions Starting
168 silly install executeActions
169 silly doSerial global-install 0
170 silly doParallel fetch 3
171 verbose correctMkdir /Users/SamCate/.npm/_locks correctMkdir not in flight; initializing
172 verbose lock using /Users/SamCate/.npm/_locks/staging-5a8f645e5e69e510.lock for /Users/SamCate/work_shop/personal_site/node_modules/.staging
173 silly doParallel extract 3
174 silly extract bindings@1.2.1
175 silly extract nan@2.3.5
176 silly extract bcrypt@0.8.7
177 verbose unbuild node_modules/.staging/bindings-556ef06d
178 verbose unbuild node_modules/.staging/nan-78e22d29
179 verbose unbuild node_modules/.staging/bcrypt-9a6352de
180 silly gentlyRm /Users/SamCate/work_shop/personal_site/node_modules/.staging/bindings-556ef06d is being purged from base /Users/SamCate/work_shop/personal_site
181 verbose gentlyRm don't care about contents; nuking /Users/SamCate/work_shop/personal_site/node_modules/.staging/bindings-556ef06d
182 silly gentlyRm /Users/SamCate/work_shop/personal_site/node_modules/.staging/nan-78e22d29 is being purged from base /Users/SamCate/work_shop/personal_site
183 verbose gentlyRm don't care about contents; nuking /Users/SamCate/work_shop/personal_site/node_modules/.staging/nan-78e22d29
184 silly gentlyRm /Users/SamCate/work_shop/personal_site/node_modules/.staging/bcrypt-9a6352de is being purged from base /Users/SamCate/work_shop/personal_site
185 verbose gentlyRm don't care about contents; nuking /Users/SamCate/work_shop/personal_site/node_modules/.staging/bcrypt-9a6352de
186 verbose tar unpack /Users/SamCate/.npm/bindings/1.2.1/package.tgz
187 verbose tar unpacking to /Users/SamCate/work_shop/personal_site/node_modules/.staging/bindings-556ef06d
188 silly gentlyRm /Users/SamCate/work_shop/personal_site/node_modules/.staging/bindings-556ef06d is being purged
189 verbose gentlyRm don't care about contents; nuking /Users/SamCate/work_shop/personal_site/node_modules/.staging/bindings-556ef06d
190 verbose tar unpack /Users/SamCate/.npm/nan/2.3.5/package.tgz
191 verbose tar unpacking to /Users/SamCate/work_shop/personal_site/node_modules/.staging/nan-78e22d29
192 silly gentlyRm /Users/SamCate/work_shop/personal_site/node_modules/.staging/nan-78e22d29 is being purged
193 verbose gentlyRm don't care about contents; nuking /Users/SamCate/work_shop/personal_site/node_modules/.staging/nan-78e22d29
194 verbose tar unpack /Users/SamCate/.npm/bcrypt/0.8.7/package.tgz
195 verbose tar unpacking to /Users/SamCate/work_shop/personal_site/node_modules/.staging/bcrypt-9a6352de
196 silly gentlyRm /Users/SamCate/work_shop/personal_site/node_modules/.staging/bcrypt-9a6352de is being purged
197 verbose gentlyRm don't care about contents; nuking /Users/SamCate/work_shop/personal_site/node_modules/.staging/bcrypt-9a6352de
198 silly gunzTarPerm modes [ '755', '644' ]
199 silly gunzTarPerm modes [ '755', '644' ]
200 silly gunzTarPerm modes [ '755', '644' ]
201 silly gunzTarPerm extractEntry package.json
202 silly gunzTarPerm extractEntry package.json
203 silly gunzTarPerm modified mode [ 'package.json', 436, 420 ]
204 silly gunzTarPerm extractEntry package.json
205 silly gunzTarPerm extractEntry README.md
206 silly gunzTarPerm extractEntry bindings.js
207 silly gunzTarPerm extractEntry README.md
208 silly gunzTarPerm modified mode [ 'README.md', 436, 420 ]
209 silly gunzTarPerm extractEntry .npmignore
210 silly gunzTarPerm extractEntry README.md
211 silly gunzTarPerm extractEntry include_dirs.js
212 silly gunzTarPerm modified mode [ 'include_dirs.js', 436, 420 ]
213 silly gunzTarPerm extractEntry nan_converters.h
214 silly gunzTarPerm modified mode [ 'nan_converters.h', 436, 420 ]
215 silly gunzTarPerm extractEntry LICENSE.md
216 silly gunzTarPerm modified mode [ 'LICENSE.md', 436, 420 ]
217 silly gunzTarPerm extractEntry doc/node_misc.md
218 silly gunzTarPerm modified mode [ 'doc/node_misc.md', 436, 420 ]
219 silly gunzTarPerm extractEntry LICENSE
220 silly gunzTarPerm extractEntry bcrypt.js
221 silly gunzTarPerm extractEntry Makefile
222 silly gunzTarPerm extractEntry .travis.yml
223 silly gunzTarPerm extractEntry CHANGELOG.md
224 silly gunzTarPerm extractEntry binding.gyp
225 silly gunzTarPerm extractEntry examples/async_compare.js
226 silly gunzTarPerm extractEntry examples/forever_gen_salt.js
227 silly gunzTarPerm extractEntry test/async.js
228 silly gunzTarPerm extractEntry test/repetitions.js
229 silly gunzTarPerm extractEntry test/sync.js
230 silly gunzTarPerm extractEntry ISSUE_TEMPLATE.md
231 silly gunzTarPerm extractEntry src/bcrypt.cc
232 silly gunzTarPerm extractEntry src/bcrypt_node.cc
233 silly gunzTarPerm extractEntry src/blowfish.cc
234 silly gunzTarPerm extractEntry src/node_blf.h
235 silly gunzTarPerm extractEntry werker.yml
236 silly gunzTarPerm extractEntry doc/asyncworker.md
237 silly gunzTarPerm modified mode [ 'doc/asyncworker.md', 436, 420 ]
238 silly gunzTarPerm extractEntry doc/callback.md
239 silly gunzTarPerm modified mode [ 'doc/callback.md', 436, 420 ]
240 silly gunzTarPerm extractEntry doc/converters.md
241 silly gunzTarPerm modified mode [ 'doc/converters.md', 436, 420 ]
242 silly gunzTarPerm extractEntry doc/errors.md
243 silly gunzTarPerm modified mode [ 'doc/errors.md', 436, 420 ]
244 silly gunzTarPerm extractEntry doc/maybe_types.md
245 silly gunzTarPerm modified mode [ 'doc/maybe_types.md', 436, 420 ]
246 silly gentlyRm /Users/SamCate/work_shop/personal_site/node_modules/.staging/bindings-556ef06d/node_modules is being purged
247 verbose gentlyRm don't care about contents; nuking /Users/SamCate/work_shop/personal_site/node_modules/.staging/bindings-556ef06d/node_modules
248 silly gunzTarPerm extractEntry doc/methods.md
249 silly gunzTarPerm modified mode [ 'doc/methods.md', 436, 420 ]
250 silly gunzTarPerm extractEntry doc/new.md
251 silly gunzTarPerm modified mode [ 'doc/new.md', 436, 420 ]
252 silly gunzTarPerm extractEntry doc/buffers.md
253 silly gunzTarPerm modified mode [ 'doc/buffers.md', 436, 420 ]
254 silly gunzTarPerm extractEntry doc/object_wrappers.md
255 silly gunzTarPerm modified mode [ 'doc/object_wrappers.md', 436, 420 ]
256 silly gunzTarPerm extractEntry doc/persistent.md
257 silly gunzTarPerm modified mode [ 'doc/persistent.md', 436, 420 ]
258 silly gunzTarPerm extractEntry doc/scopes.md
259 silly gunzTarPerm modified mode [ 'doc/scopes.md', 436, 420 ]
260 silly gunzTarPerm extractEntry doc/script.md
261 silly gunzTarPerm modified mode [ 'doc/script.md', 436, 420 ]
262 silly gunzTarPerm extractEntry doc/string_bytes.md
263 silly gunzTarPerm modified mode [ 'doc/string_bytes.md', 436, 420 ]
264 silly gunzTarPerm extractEntry doc/v8_internals.md
265 silly gunzTarPerm modified mode [ 'doc/v8_internals.md', 436, 420 ]
266 silly gunzTarPerm extractEntry doc/v8_misc.md
267 silly gunzTarPerm modified mode [ 'doc/v8_misc.md', 436, 420 ]
268 silly gunzTarPerm extractEntry nan.h
269 silly gunzTarPerm modified mode [ 'nan.h', 436, 420 ]
270 silly gunzTarPerm extractEntry nan_callbacks.h
271 silly gunzTarPerm modified mode [ 'nan_callbacks.h', 436, 420 ]
272 silly gunzTarPerm extractEntry nan_callbacks_12_inl.h
273 silly gunzTarPerm modified mode [ 'nan_callbacks_12_inl.h', 436, 420 ]
274 silly gunzTarPerm extractEntry nan_callbacks_pre_12_inl.h
275 silly gunzTarPerm modified mode [ 'nan_callbacks_pre_12_inl.h', 436, 420 ]
276 silly gunzTarPerm extractEntry nan_converters_43_inl.h
277 silly gunzTarPerm modified mode [ 'nan_converters_43_inl.h', 436, 420 ]
278 silly gunzTarPerm extractEntry nan_converters_pre_43_inl.h
279 silly gunzTarPerm modified mode [ 'nan_converters_pre_43_inl.h', 436, 420 ]
280 silly gunzTarPerm extractEntry nan_implementation_12_inl.h
281 silly gunzTarPerm modified mode [ 'nan_implementation_12_inl.h', 436, 420 ]
282 silly gunzTarPerm extractEntry nan_implementation_pre_12_inl.h
283 silly gunzTarPerm modified mode [ 'nan_implementation_pre_12_inl.h', 436, 420 ]
284 silly gunzTarPerm extractEntry nan_maybe_43_inl.h
285 silly gunzTarPerm modified mode [ 'nan_maybe_43_inl.h', 436, 420 ]
286 silly gunzTarPerm extractEntry nan_maybe_pre_43_inl.h
287 silly gunzTarPerm modified mode [ 'nan_maybe_pre_43_inl.h', 436, 420 ]
288 silly gunzTarPerm extractEntry nan_new.h
289 silly gunzTarPerm modified mode [ 'nan_new.h', 436, 420 ]
290 silly gunzTarPerm extractEntry nan_object_wrap.h
291 silly gunzTarPerm modified mode [ 'nan_object_wrap.h', 436, 420 ]
292 silly gunzTarPerm extractEntry nan_persistent_12_inl.h
293 silly gunzTarPerm modified mode [ 'nan_persistent_12_inl.h', 436, 420 ]
294 silly gunzTarPerm extractEntry nan_persistent_pre_12_inl.h
295 silly gunzTarPerm modified mode [ 'nan_persistent_pre_12_inl.h', 436, 420 ]
296 silly gunzTarPerm extractEntry nan_string_bytes.h
297 silly gunzTarPerm modified mode [ 'nan_string_bytes.h', 436, 420 ]
298 silly gunzTarPerm extractEntry nan_typedarray_contents.h
299 silly gunzTarPerm modified mode [ 'nan_typedarray_contents.h', 436, 420 ]
300 silly gunzTarPerm extractEntry nan_weak.h
301 silly gunzTarPerm modified mode [ 'nan_weak.h', 436, 420 ]
302 silly gunzTarPerm extractEntry CHANGELOG.md
303 silly gunzTarPerm modified mode [ 'CHANGELOG.md', 436, 420 ]
304 silly gunzTarPerm extractEntry tools/package.json
305 silly gunzTarPerm modified mode [ 'tools/package.json', 436, 420 ]
306 silly gunzTarPerm extractEntry tools/README.md
307 silly gunzTarPerm modified mode [ 'tools/README.md', 436, 420 ]
308 silly gunzTarPerm extractEntry tools/1to2.js
309 silly gunzTarPerm modified mode [ 'tools/1to2.js', 509, 493 ]
310 silly gentlyRm /Users/SamCate/work_shop/personal_site/node_modules/.staging/bcrypt-9a6352de/node_modules is being purged
311 verbose gentlyRm don't care about contents; nuking /Users/SamCate/work_shop/personal_site/node_modules/.staging/bcrypt-9a6352de/node_modules
312 silly gentlyRm /Users/SamCate/work_shop/personal_site/node_modules/.staging/nan-78e22d29/node_modules is being purged
313 verbose gentlyRm don't care about contents; nuking /Users/SamCate/work_shop/personal_site/node_modules/.staging/nan-78e22d29/node_modules
314 silly doParallel preinstall 3
315 silly preinstall bindings@1.2.1 /Users/SamCate/work_shop/personal_site/node_modules/.staging/bindings-556ef06d
316 info lifecycle bindings@1.2.1~preinstall: bindings@1.2.1
317 silly preinstall nan@2.3.5 /Users/SamCate/work_shop/personal_site/node_modules/.staging/nan-78e22d29
318 info lifecycle nan@2.3.5~preinstall: nan@2.3.5
319 silly preinstall bcrypt@0.8.7 /Users/SamCate/work_shop/personal_site/node_modules/.staging/bcrypt-9a6352de
320 info lifecycle bcrypt@0.8.7~preinstall: bcrypt@0.8.7
321 silly lifecycle bindings@1.2.1~preinstall: no script for preinstall, continuing
322 silly lifecycle nan@2.3.5~preinstall: no script for preinstall, continuing
323 silly lifecycle bcrypt@0.8.7~preinstall: no script for preinstall, continuing
324 silly doReverseSerial remove 0
325 silly doSerial move 0
326 silly doSerial finalize 3
327 silly finalize /Users/SamCate/work_shop/personal_site/node_modules/bindings
328 silly finalize /Users/SamCate/work_shop/personal_site/node_modules/nan
329 silly finalize /Users/SamCate/work_shop/personal_site/node_modules/bcrypt
330 silly doSerial build 3
331 silly build bindings@1.2.1
332 info linkStuff bindings@1.2.1
333 silly linkStuff bindings@1.2.1 has /Users/SamCate/work_shop/personal_site/node_modules as its parent node_modules
334 verbose linkBins bindings@1.2.1
335 verbose linkMans bindings@1.2.1
336 silly build nan@2.3.5
337 info linkStuff nan@2.3.5
338 silly linkStuff nan@2.3.5 has /Users/SamCate/work_shop/personal_site/node_modules as its parent node_modules
339 verbose linkBins nan@2.3.5
340 verbose linkMans nan@2.3.5
341 silly build bcrypt@0.8.7
342 info linkStuff bcrypt@0.8.7
343 silly linkStuff bcrypt@0.8.7 has /Users/SamCate/work_shop/personal_site/node_modules as its parent node_modules
344 verbose linkBins bcrypt@0.8.7
345 verbose linkMans bcrypt@0.8.7
346 silly doSerial global-link 0
347 silly doParallel update-linked 0
348 silly doSerial install 3
349 silly install bindings@1.2.1 /Users/SamCate/work_shop/personal_site/node_modules/.staging/bindings-556ef06d
350 info lifecycle bindings@1.2.1~install: bindings@1.2.1
351 silly lifecycle bindings@1.2.1~install: no script for install, continuing
352 silly install nan@2.3.5 /Users/SamCate/work_shop/personal_site/node_modules/.staging/nan-78e22d29
353 info lifecycle nan@2.3.5~install: nan@2.3.5
354 silly lifecycle nan@2.3.5~install: no script for install, continuing
355 silly install bcrypt@0.8.7 /Users/SamCate/work_shop/personal_site/node_modules/.staging/bcrypt-9a6352de
356 info lifecycle bcrypt@0.8.7~install: bcrypt@0.8.7
357 verbose lifecycle bcrypt@0.8.7~install: unsafe-perm in lifecycle true
358 verbose lifecycle bcrypt@0.8.7~install: PATH: /Users/SamCate/.nvm/versions/node/v6.5.0/lib/node_modules/npm/bin/node-gyp-bin:/Users/SamCate/work_shop/personal_site/node_modules/bcrypt/node_modules/.bin:/Users/SamCate/work_shop/personal_site/node_modules/.bin:/Users/SamCate/.nvm/versions/node/v6.5.0/bin:/Users/SamCate/.nvm/versions/node/v6.5.0/bin:/usr/local/bin:/usr/bin:/bin:/usr/sbin:/sbin:/Users/SamCate/.rvm/bin
359 verbose lifecycle bcrypt@0.8.7~install: CWD: /Users/SamCate/work_shop/personal_site/node_modules/bcrypt
360 silly lifecycle bcrypt@0.8.7~install: Args: [ '-c', 'node-gyp rebuild' ]
361 silly lifecycle bcrypt@0.8.7~install: Returned: code: 1  signal: null
362 info lifecycle bcrypt@0.8.7~install: Failed to exec install script
363 verbose unlock done using /Users/SamCate/.npm/_locks/staging-5a8f645e5e69e510.lock for /Users/SamCate/work_shop/personal_site/node_modules/.staging
364 silly rollbackFailedOptional Starting
365 silly rollbackFailedOptional Finishing
366 silly runTopLevelLifecycles Starting
367 silly runTopLevelLifecycles Finishing
368 silly install printInstalled
369 verbose stack Error: bcrypt@0.8.7 install: `node-gyp rebuild`
369 verbose stack Exit status 1
369 verbose stack     at EventEmitter.<anonymous> (/Users/SamCate/.nvm/versions/node/v6.5.0/lib/node_modules/npm/lib/utils/lifecycle.js:242:16)
369 verbose stack     at emitTwo (events.js:106:13)
369 verbose stack     at EventEmitter.emit (events.js:191:7)
369 verbose stack     at ChildProcess.<anonymous> (/Users/SamCate/.nvm/versions/node/v6.5.0/lib/node_modules/npm/lib/utils/spawn.js:40:14)
369 verbose stack     at emitTwo (events.js:106:13)
369 verbose stack     at ChildProcess.emit (events.js:191:7)
369 verbose stack     at maybeClose (internal/child_process.js:877:16)
369 verbose stack     at Process.ChildProcess._handle.onexit (internal/child_process.js:226:5)
370 verbose pkgid bcrypt@0.8.7
371 verbose cwd /Users/SamCate/work_shop/personal_site
372 error Darwin 15.6.0
373 error argv "/Users/SamCate/.nvm/versions/node/v6.5.0/bin/node" "/Users/SamCate/.nvm/versions/node/v6.5.0/bin/npm" "i" "bcrypt" "--save"
374 error node v6.5.0
375 error npm  v3.10.3
376 error code ELIFECYCLE
377 error bcrypt@0.8.7 install: `node-gyp rebuild`
377 error Exit status 1
378 error Failed at the bcrypt@0.8.7 install script 'node-gyp rebuild'.
378 error Make sure you have the latest version of node.js and npm installed.
378 error If you do, this is most likely a problem with the bcrypt package,
378 error not with npm itself.
378 error Tell the author that this fails on your system:
378 error     node-gyp rebuild
378 error You can get information on how to open an issue for this project with:
378 error     npm bugs bcrypt
378 error Or if that isn't available, you can get their info via:
378 error     npm owner ls bcrypt
378 error There is likely additional logging output above.
379 verbose exit [ 1, true ]
